This is pdfTeXk, Version 3.141592-1.40.3 (Web2C 7.5.6) (format=latex 2011.8.31)  8 JAN 2012 21:01
entering extended mode
 %&-line parsing enabled.
**report.tex
(./report.tex
LaTeX2e <2005/12/01>
Babel <v3.8h> and hyphenation patterns for english, usenglishmax, dumylang, noh
yphenation, arabic, basque, bulgarian, coptic, welsh, czech, slovak, german, ng
erman, danish, esperanto, spanish, catalan, galician, estonian, farsi, finnish,
 french, greek, monogreek, ancientgreek, croatian, hungarian, interlingua, ibyc
us, indonesian, icelandic, italian, latin, mongolian, dutch, norsk, polish, por
tuguese, pinyin, romanian, russian, slovenian, uppersorbian, serbian, swedish, 
turkish, ukenglish, ukrainian, loaded.
(/usr/share/texmf/tex/latex/base/article.cls
Document Class: article 2005/09/16 v1.4f Standard LaTeX document class
(/usr/share/texmf/tex/latex/base/size10.clo
File: size10.clo 2005/09/16 v1.4f Standard LaTeX file (size option)
)
\c@part=\count79
\c@section=\count80
\c@subsection=\count81
\c@subsubsection=\count82
\c@paragraph=\count83
\c@subparagraph=\count84
\c@figure=\count85
\c@table=\count86
\abovecaptionskip=\skip41
\belowcaptionskip=\skip42
\bibindent=\dimen102
)
(/usr/share/texmf/tex/latex/base/fontenc.sty
Package: fontenc 2005/09/27 v1.99g Standard LaTeX package

(/usr/share/texmf/tex/latex/base/t1enc.def
File: t1enc.def 2005/09/27 v1.99g Standard LaTeX file
LaTeX Font Info:    Redeclaring font encoding T1 on input line 43.
))
(/usr/share/texmf/tex/latex/textpos/textpos.sty
Package: textpos 2006/09/02 v1.7a

Package: `textpos' 1.7a <2006 September 2>
(/usr/share/texmf/tex/latex/everyshi/everyshi.sty
Package: everyshi 2001/05/15 v3.00 EveryShipout Package (MS)
)
\TP@textbox=\box26
\TP@holdbox=\box27
\TPHorizModule=\dimen103
\TPVertModule=\dimen104
\TP@margin=\dimen105
\TP@absmargin=\dimen106

Grid set 16 x 16 = 37.34424pt x 52.81541pt
\TPboxrulesize=\dimen107
\TP@ox=\dimen108
\TP@oy=\dimen109
\TP@tbargs=\toks14
\TP@prevdepth=\dimen110
TextBlockOrigin set to 0pt x 0pt
) (/usr/share/texmf/tex/latex/psnfss/pifont.sty
Package: pifont 2005/04/12 PSNFSS-v9.2a Pi font support (SPQR) 
LaTeX Font Info:    Try loading font information for U+pzd on input line 63.

(/usr/share/texmf/tex/latex/psnfss/upzd.fd
File: upzd.fd 2001/06/04 font definitions for U/pzd.
)
LaTeX Font Info:    Try loading font information for U+psy on input line 64.

(/usr/share/texmf/tex/latex/psnfss/upsy.fd
File: upsy.fd 2001/06/04 font definitions for U/psy.
))
(/usr/share/texmf/tex/latex/amsfonts/amsfonts.sty
Package: amsfonts 2001/10/25 v2.2f
\@emptytoks=\toks15
\symAMSa=\mathgroup4
\symAMSb=\mathgroup5
LaTeX Font Info:    Overwriting math alphabet `\mathfrak' in version `bold'
(Font)                  U/euf/m/n --> U/euf/b/n on input line 132.
)
TextBlockOrigin set to 0.05cm x 0.05cm
(/usr/share/texmf/tex/generic/texdraw/texdraw.sty
(/usr/share/texmf/tex/latex/graphics/graphics.sty
Package: graphics 2006/02/20 v1.0o Standard LaTeX Graphics (DPC,SPQR)

(/usr/share/texmf/tex/latex/graphics/trig.sty
Package: trig 1999/03/16 v1.09 sin cos tan (DPC)
)
(/usr/share/texmf/tex/latex/config/graphics.cfg
File: graphics.cfg 2007/01/18 v1.5 graphics configuration of teTeX/TeXLive
)
Package graphics Info: Driver file: dvips.def on input line 90.

(/usr/share/texmf/tex/latex/graphics/dvips.def
File: dvips.def 1999/02/16 v3.0i Driver-dependant file (DPC,SPQR)
))
(/usr/share/texmf/tex/generic/texdraw/texdraw.tex
\t@counta=\count87
\t@countb=\count88
\t@countc=\count89
\t@countd=\count90
\t@counte=\count91
\t@pixa=\count92
\t@pixb=\count93
\t@pixc=\count94
\t@pixd=\count95
\t@xpos=\dimen111
\t@ypos=\dimen112
\xminpix=\count96
\xmaxpix=\count97
\yminpix=\count98
\ymaxpix=\count99
\a@lenpix=\count100
\a@widpix=\count101
\x@pix=\count102
\y@pix=\count103
\x@segoffpix=\count104
\y@segoffpix=\count105
\x@savepix=\count106
\y@savepix=\count107
\s@ppix=\count108
\d@bs=\count109
\t@xdnum=\count110
\t@xdbox=\box28
\drawfile=\write3
\everytexdraw=\toks16
)
Package: texdraw 1995/12/19 TeXdraw V2R0
) (./report.aux)
\openout1 = `report.aux'.

LaTeX Font Info:    Checking defaults for OML/cmm/m/it on input line 18.
LaTeX Font Info:    ... okay on input line 18.
LaTeX Font Info:    Checking defaults for T1/cmr/m/n on input line 18.
LaTeX Font Info:    ... okay on input line 18.
LaTeX Font Info:    Checking defaults for OT1/cmr/m/n on input line 18.
LaTeX Font Info:    ... okay on input line 18.
LaTeX Font Info:    Checking defaults for OMS/cmsy/m/n on input line 18.
LaTeX Font Info:    ... okay on input line 18.
LaTeX Font Info:    Checking defaults for OMX/cmex/m/n on input line 18.
LaTeX Font Info:    ... okay on input line 18.
LaTeX Font Info:    Checking defaults for U/cmr/m/n on input line 18.
LaTeX Font Info:    ... okay on input line 18.

ABD: EveryShipout initializing macros
Underfull \hbox (badness 10000) in paragraph at lines 23--24
  
 []

LaTeX Font Info:    Try loading font information for U+msa on input line 27.
(/usr/share/texmf/tex/latex/amsfonts/umsa.fd
File: umsa.fd 2002/01/19 v2.2g AMS font definitions
)
LaTeX Font Info:    Try loading font information for U+msb on input line 27.

(/usr/share/texmf/tex/latex/amsfonts/umsb.fd
File: umsb.fd 2002/01/19 v2.2g AMS font definitions
)
Underfull \hbox (badness 10000) in paragraph at lines 31--33

 []


Underfull \hbox (badness 10000) in paragraph at lines 34--35

 []


Underfull \hbox (badness 10000) in paragraph at lines 43--45
[]\T1/cmr/m/n/14.4 Group Ques-tions
 []


Underfull \hbox (badness 10000) in paragraph at lines 43--45

 []


Underfull \hbox (badness 10000) in paragraph at lines 46--46
\T1/cmr/m/n/10 An-ge-line(1) Laura(1).
 []


Underfull \hbox (badness 10000) in paragraph at lines 46--46
\T1/cmr/m/n/10 Black. Willie(0)
 []


Underfull \hbox (badness 10000) in paragraph at lines 46--46
\T1/cmr/m/n/10 Amy4(2) Linda(1)
 []


Underfull \hbox (badness 10000) in paragraph at lines 46--46
\T1/cmr/m/n/10 Purple. Erin(1)
 []


Underfull \hbox (badness 10000) in paragraph at lines 46--46
\T1/cmr/m/n/10 Kevin2(0) Amy1(2)
 []


Underfull \hbox (badness 10000) in paragraph at lines 46--46
\T1/cmr/m/n/10 Brown. Sandy1(1)
 []


Underfull \hbox (badness 10000) in paragraph at lines 46--46
\T1/cmr/m/n/10 Nina(2) An-gel(1)
 []


Underfull \hbox (badness 10000) in paragraph at lines 46--46
\T1/cmr/m/n/10 Lisa(1) Anting(1).
 []


Underfull \hbox (badness 10000) in paragraph at lines 46--46
\T1/cmr/m/n/10 White. Cindy(2)
 []


Underfull \hbox (badness 10000) in paragraph at lines 46--46
\T1/cmr/m/n/10 Cathy(2) Peilin(2)
 []


Underfull \hbox (badness 10000) in paragraph at lines 46--46
\T1/cmr/m/n/10 Yellow. Mer-lin(2)
 []


Underfull \hbox (badness 10000) in paragraph at lines 46--46
\T1/cmr/m/n/10 Tina(2) YiChun(2)
 []


Underfull \hbox (badness 10000) in paragraph at lines 46--46
\T1/cmr/m/n/10 Green. Jenny(2)
 []


Underfull \hbox (badness 10000) in paragraph at lines 46--46
\T1/cmr/m/n/10 Kim-berly(2) Kelly(2)
 []


Underfull \hbox (badness 7203) in paragraph at lines 46--46
\T1/cmr/m/n/10 Orange. Mandy(2)
 []


Underfull \hbox (badness 10000) in paragraph at lines 46--46
\T1/cmr/m/n/10 Kathy(2) Jane(2)
 []


Underfull \hbox (badness 10000) in paragraph at lines 46--47

 []


Underfull \hbox (badness 10000) in paragraph at lines 55--57

 []


Underfull \hbox (badness 1521) in paragraph at lines 58--58
\T1/cmr/m/n/10 Black. Willie Amy4
 []


Underfull \hbox (badness 10000) in paragraph at lines 58--58
\T1/cmr/m/n/10 An-gel Jim (four-con-
 []


Underfull \hbox (badness 10000) in paragraph at lines 58--58
\T1/cmr/m/n/10 Gray. Flora Jojo
 []


Underfull \hbox (badness 1755) in paragraph at lines 58--58
\T1/cmr/m/n/10 Lisa Anting (four-con-
 []


Underfull \hbox (badness 5245) in paragraph at lines 58--58
\T1/cmr/m/n/10 Blue. Lulu Sh-eryl
 []


Underfull \hbox (badness 3281) in paragraph at lines 58--58
\T1/cmr/m/n/10 Al-ice1 Rita (four-con-
 []


Underfull \hbox (badness 10000) in paragraph at lines 58--58
\T1/cmr/m/n/10 Jane Nora (four-con-
 []


Underfull \hbox (badness 1067) in paragraph at lines 58--58
\T1/cmr/m/n/10 Yellow. Mer-lin Tina
 []


Underfull \hbox (badness 10000) in paragraph at lines 58--59

 []


Underfull \hbox (badness 10000) in paragraph at lines 67--69

 []


Underfull \hbox (badness 10000) in paragraph at lines 70--71

 []


Overfull \hbox (26.36694pt too wide) in paragraph at lines 27--76
 [][]  
 []

[1

] (./report.aux) ) 
Here is how much of TeX's memory you used:
 1019 strings out of 256217
 10902 string characters out of 1917095
 64837 words of memory out of 1500000
 4324 multiletter control sequences out of 10000+200000
 9877 words of font info for 29 fonts, out of 1200000 for 2000
 645 hyphenation exceptions out of 8191
 25i,12n,22p,1124b,398s stack positions out of 5000i,500n,6000p,200000b,15000s

Output written on report.dvi (1 page, 5644 bytes).
