This is pdfTeXk, Version 3.141592-1.40.3 (Web2C 7.5.6) (format=latex 2011.8.31)  12 DEC 2011 09:26
entering extended mode
 %&-line parsing enabled.
**classwork/4/teamseat.tex
(./classwork/4/teamseat.tex
LaTeX2e <2005/12/01>
Babel <v3.8h> and hyphenation patterns for english, usenglishmax, dumylang, noh
yphenation, arabic, basque, bulgarian, coptic, welsh, czech, slovak, german, ng
erman, danish, esperanto, spanish, catalan, galician, estonian, farsi, finnish,
 french, greek, monogreek, ancientgreek, croatian, hungarian, interlingua, ibyc
us, indonesian, icelandic, italian, latin, mongolian, dutch, norsk, polish, por
tuguese, pinyin, romanian, russian, slovenian, uppersorbian, serbian, swedish, 
turkish, ukenglish, ukrainian, loaded.
(/usr/share/texmf/tex/latex/base/article.cls
Document Class: article 2005/09/16 v1.4f Standard LaTeX document class
(/usr/share/texmf/tex/latex/base/size10.clo
File: size10.clo 2005/09/16 v1.4f Standard LaTeX file (size option)
)
\c@part=\count79
\c@section=\count80
\c@subsection=\count81
\c@subsubsection=\count82
\c@paragraph=\count83
\c@subparagraph=\count84
\c@figure=\count85
\c@table=\count86
\abovecaptionskip=\skip41
\belowcaptionskip=\skip42
\bibindent=\dimen102
)
(/usr/share/texmf/tex/latex/textpos/textpos.sty
Package: textpos 2006/09/02 v1.7a

Package: `textpos' 1.7a <2006 September 2>
(/usr/share/texmf/tex/latex/everyshi/everyshi.sty
Package: everyshi 2001/05/15 v3.00 EveryShipout Package (MS)
)
\TP@textbox=\box26
\TP@holdbox=\box27
\TPHorizModule=\dimen103
\TPVertModule=\dimen104
\TP@margin=\dimen105
\TP@absmargin=\dimen106

Grid set 16 x 16 = 37.34424pt x 52.81541pt
\TPboxrulesize=\dimen107
\TP@ox=\dimen108
\TP@oy=\dimen109
\TP@tbargs=\toks14
\TP@prevdepth=\dimen110
TextBlockOrigin set to 0pt x 0pt
)
TextBlockOrigin set to 0.30cm x 0.35cm
(/usr/share/texmf/tex/latex/tools/array.sty
Package: array 2005/08/23 v2.4b Tabular extension package (FMi)
\col@sep=\dimen111
\extrarowheight=\dimen112
\NC@list=\toks15
\extratabsurround=\skip43
\backup@length=\skip44
) (./teamseat.aux)
\openout1 = `teamseat.aux'.

LaTeX Font Info:    Checking defaults for OML/cmm/m/it on input line 43.
LaTeX Font Info:    ... okay on input line 43.
LaTeX Font Info:    Checking defaults for T1/cmr/m/n on input line 43.
LaTeX Font Info:    ... okay on input line 43.
LaTeX Font Info:    Checking defaults for OT1/cmr/m/n on input line 43.
LaTeX Font Info:    ... okay on input line 43.
LaTeX Font Info:    Checking defaults for OMS/cmsy/m/n on input line 43.
LaTeX Font Info:    ... okay on input line 43.
LaTeX Font Info:    Checking defaults for OMX/cmex/m/n on input line 43.
LaTeX Font Info:    ... okay on input line 43.
LaTeX Font Info:    Checking defaults for U/cmr/m/n on input line 43.
LaTeX Font Info:    ... okay on input line 43.

ABD: EveryShipout initializing macros
Overfull \hbox (20.60081pt too wide) in paragraph at lines 48--49
 []  [] 
 []


Underfull \hbox (badness 10000) in paragraph at lines 48--49
  
 []


Overfull \hbox (20.60081pt too wide) in paragraph at lines 54--55
 []  [] 
 []


Underfull \hbox (badness 10000) in paragraph at lines 54--55
  
 []


Overfull \hbox (20.60081pt too wide) in paragraph at lines 60--61
 []  [] 
 []


Underfull \hbox (badness 10000) in paragraph at lines 60--61
  
 []


Overfull \hbox (20.60081pt too wide) in paragraph at lines 66--67
 []  [] 
 []


Underfull \hbox (badness 10000) in paragraph at lines 66--67
  
 []


Overfull \hbox (20.60081pt too wide) in paragraph at lines 72--73
 []  [] 
 []


Underfull \hbox (badness 10000) in paragraph at lines 72--73
  
 []


Overfull \hbox (20.60081pt too wide) in paragraph at lines 78--79
 []  [] 
 []


Underfull \hbox (badness 10000) in paragraph at lines 78--79
  
 []


Overfull \hbox (20.60081pt too wide) in paragraph at lines 84--85
 []  [] 
 []


Underfull \hbox (badness 10000) in paragraph at lines 84--85
  
 []


Overfull \hbox (20.60081pt too wide) in paragraph at lines 90--91
 []  [] 
 []


Underfull \hbox (badness 10000) in paragraph at lines 90--91
  
 []


Overfull \hbox (20.60081pt too wide) in paragraph at lines 97--98
 []  [] 
 []


Underfull \hbox (badness 10000) in paragraph at lines 97--98
  
 []


Overfull \hbox (20.60081pt too wide) in paragraph at lines 103--104
 []  [] 
 []


Underfull \hbox (badness 10000) in paragraph at lines 103--104
  
 []


Overfull \hbox (20.60081pt too wide) in paragraph at lines 109--110
 []  [] 
 []


Underfull \hbox (badness 10000) in paragraph at lines 109--110
  
 []


Overfull \hbox (20.60081pt too wide) in paragraph at lines 115--116
 []  [] 
 []


Underfull \hbox (badness 10000) in paragraph at lines 115--116
  
 []


Overfull \hbox (20.60081pt too wide) in paragraph at lines 121--122
 []  [] 
 []


Underfull \hbox (badness 10000) in paragraph at lines 121--122
  
 []


Overfull \hbox (20.60081pt too wide) in paragraph at lines 127--128
 []  [] 
 []


Underfull \hbox (badness 10000) in paragraph at lines 127--128
  
 []


Overfull \hbox (20.60081pt too wide) in paragraph at lines 133--134
 []  [] 
 []


Underfull \hbox (badness 10000) in paragraph at lines 133--134
  
 []


Overfull \hbox (20.60081pt too wide) in paragraph at lines 139--140
 []  [] 
 []


Underfull \hbox (badness 10000) in paragraph at lines 139--140
  
 []


Overfull \hbox (20.60081pt too wide) in paragraph at lines 146--147
 []  [] 
 []


Underfull \hbox (badness 10000) in paragraph at lines 146--147
  
 []


Overfull \hbox (20.60081pt too wide) in paragraph at lines 152--153
 []  [] 
 []


Underfull \hbox (badness 10000) in paragraph at lines 152--153
  
 []


Overfull \hbox (20.60081pt too wide) in paragraph at lines 158--159
 []  [] 
 []


Underfull \hbox (badness 10000) in paragraph at lines 158--159
  
 []


Overfull \hbox (20.60081pt too wide) in paragraph at lines 164--165
 []  [] 
 []


Underfull \hbox (badness 10000) in paragraph at lines 164--165
  
 []


Overfull \hbox (20.60081pt too wide) in paragraph at lines 170--171
 []  [] 
 []


Underfull \hbox (badness 10000) in paragraph at lines 170--171
  
 []


Overfull \hbox (20.60081pt too wide) in paragraph at lines 176--177
 []  [] 
 []


Underfull \hbox (badness 10000) in paragraph at lines 176--177
  
 []


Overfull \hbox (20.60081pt too wide) in paragraph at lines 182--183
 []  [] 
 []


Underfull \hbox (badness 10000) in paragraph at lines 182--183
  
 []


Overfull \hbox (20.60081pt too wide) in paragraph at lines 188--189
 []  [] 
 []


Underfull \hbox (badness 10000) in paragraph at lines 188--189
  
 []


Overfull \hbox (20.60081pt too wide) in paragraph at lines 195--196
 []  [] 
 []


Underfull \hbox (badness 10000) in paragraph at lines 195--196
  
 []


Overfull \hbox (20.60081pt too wide) in paragraph at lines 201--202
 []  [] 
 []


Underfull \hbox (badness 10000) in paragraph at lines 201--202
  
 []


Overfull \hbox (20.60081pt too wide) in paragraph at lines 207--208
 []  [] 
 []


Underfull \hbox (badness 10000) in paragraph at lines 207--208
  
 []


Overfull \hbox (20.60081pt too wide) in paragraph at lines 213--214
 []  [] 
 []


Underfull \hbox (badness 10000) in paragraph at lines 213--214
  
 []


Overfull \hbox (20.60081pt too wide) in paragraph at lines 219--220
 []  [] 
 []


Underfull \hbox (badness 10000) in paragraph at lines 219--220
  
 []


Overfull \hbox (20.60081pt too wide) in paragraph at lines 225--226
 []  [] 
 []


Underfull \hbox (badness 10000) in paragraph at lines 225--226
  
 []


Overfull \hbox (20.60081pt too wide) in paragraph at lines 231--232
 []  [] 
 []


Underfull \hbox (badness 10000) in paragraph at lines 231--232
  
 []


Overfull \hbox (20.60081pt too wide) in paragraph at lines 237--238
 []  [] 
 []


Underfull \hbox (badness 10000) in paragraph at lines 237--238
  
 []


Overfull \hbox (20.60081pt too wide) in paragraph at lines 244--245
 []  [] 
 []


Underfull \hbox (badness 10000) in paragraph at lines 244--245
  
 []


Overfull \hbox (20.60081pt too wide) in paragraph at lines 250--251
 []  [] 
 []


Underfull \hbox (badness 10000) in paragraph at lines 250--251
  
 []


Overfull \hbox (20.60081pt too wide) in paragraph at lines 256--257
 []  [] 
 []


Underfull \hbox (badness 10000) in paragraph at lines 256--257
  
 []


Overfull \hbox (20.60081pt too wide) in paragraph at lines 262--263
 []  [] 
 []


Underfull \hbox (badness 10000) in paragraph at lines 262--263
  
 []


Overfull \hbox (20.60081pt too wide) in paragraph at lines 268--269
 []  [] 
 []


Underfull \hbox (badness 10000) in paragraph at lines 268--269
  
 []


Overfull \hbox (20.60081pt too wide) in paragraph at lines 274--275
 []  [] 
 []


Underfull \hbox (badness 10000) in paragraph at lines 274--275
  
 []


Overfull \hbox (20.60081pt too wide) in paragraph at lines 280--281
 []  [] 
 []


Underfull \hbox (badness 10000) in paragraph at lines 280--281
  
 []


Overfull \hbox (20.60081pt too wide) in paragraph at lines 286--287
 []  [] 
 []


Underfull \hbox (badness 10000) in paragraph at lines 286--287
  
 []


Overfull \hbox (20.60081pt too wide) in paragraph at lines 293--294
 []  [] 
 []


Underfull \hbox (badness 10000) in paragraph at lines 293--294
  
 []


Overfull \hbox (20.60081pt too wide) in paragraph at lines 299--300
 []  [] 
 []


Underfull \hbox (badness 10000) in paragraph at lines 299--300
  
 []


Overfull \hbox (20.60081pt too wide) in paragraph at lines 305--306
 []  [] 
 []


Underfull \hbox (badness 10000) in paragraph at lines 305--306
  
 []


Overfull \hbox (20.60081pt too wide) in paragraph at lines 311--312
 []  [] 
 []


Underfull \hbox (badness 10000) in paragraph at lines 311--312
  
 []


Overfull \hbox (20.60081pt too wide) in paragraph at lines 317--318
 []  [] 
 []


Underfull \hbox (badness 10000) in paragraph at lines 317--318
  
 []


Overfull \hbox (20.60081pt too wide) in paragraph at lines 323--324
 []  [] 
 []


Underfull \hbox (badness 10000) in paragraph at lines 323--324
  
 []


Overfull \hbox (20.60081pt too wide) in paragraph at lines 329--330
 []  [] 
 []


Underfull \hbox (badness 10000) in paragraph at lines 329--330
  
 []


Overfull \hbox (20.60081pt too wide) in paragraph at lines 335--336
 []  [] 
 []


Underfull \hbox (badness 10000) in paragraph at lines 335--336
  
 []


Overfull \hbox (20.60081pt too wide) in paragraph at lines 342--343
 []  [] 
 []


Underfull \hbox (badness 10000) in paragraph at lines 342--343
  
 []


Overfull \hbox (20.60081pt too wide) in paragraph at lines 348--349
 []  [] 
 []


Underfull \hbox (badness 10000) in paragraph at lines 348--349
  
 []


Overfull \hbox (20.60081pt too wide) in paragraph at lines 354--355
 []  [] 
 []


Underfull \hbox (badness 10000) in paragraph at lines 354--355
  
 []


Overfull \hbox (20.60081pt too wide) in paragraph at lines 360--361
 []  [] 
 []


Underfull \hbox (badness 10000) in paragraph at lines 360--361
  
 []


Overfull \hbox (20.60081pt too wide) in paragraph at lines 366--367
 []  [] 
 []


Underfull \hbox (badness 10000) in paragraph at lines 366--367
  
 []


Overfull \hbox (20.60081pt too wide) in paragraph at lines 372--373
 []  [] 
 []


Underfull \hbox (badness 10000) in paragraph at lines 372--373
  
 []


Overfull \hbox (20.60081pt too wide) in paragraph at lines 378--379
 []  [] 
 []


Underfull \hbox (badness 10000) in paragraph at lines 378--379
  
 []


Overfull \hbox (20.60081pt too wide) in paragraph at lines 384--385
 []  [] 
 []


Underfull \hbox (badness 10000) in paragraph at lines 384--385
  
 []


Overfull \hbox (20.60081pt too wide) in paragraph at lines 391--392
 []  [] 
 []


Underfull \hbox (badness 10000) in paragraph at lines 391--392
  
 []


Overfull \hbox (20.60081pt too wide) in paragraph at lines 397--398
 []  [] 
 []


Underfull \hbox (badness 10000) in paragraph at lines 397--398
  
 []


Overfull \hbox (20.60081pt too wide) in paragraph at lines 403--404
 []  [] 
 []


Underfull \hbox (badness 10000) in paragraph at lines 403--404
  
 []


Overfull \hbox (20.60081pt too wide) in paragraph at lines 409--410
 []  [] 
 []


Underfull \hbox (badness 10000) in paragraph at lines 409--410
  
 []

[1

] (./teamseat.aux) ) 
Here is how much of TeX's memory you used:
 349 strings out of 256217
 4128 string characters out of 1917095
 81049 words of memory out of 1500000
 3704 multiletter control sequences out of 10000+200000
 4853 words of font info for 18 fonts, out of 1200000 for 2000
 645 hyphenation exceptions out of 8191
 23i,4n,25p,185b,278s stack positions out of 5000i,500n,6000p,200000b,15000s

Output written on teamseat.dvi (1 page, 9916 bytes).
