This is pdfTeXk, Version 3.1415926-1.40.9 (Web2C 7.5.7) (format=latex 2008.11.9)  14 SEP 2010 17:00
entering extended mode
 %&-line parsing enabled.
**classwork/1/teamseat.tex
(./classwork/1/teamseat.tex
LaTeX2e <2005/12/01>
Babel <v3.8l> and hyphenation patterns for english, usenglishmax, dumylang, noh
yphenation, german-x-2008-06-18, ngerman-x-2008-06-18, ancientgreek, ibycus, ar
abic, basque, bulgarian, catalan, pinyin, coptic, croatian, czech, danish, dutc
h, esperanto, estonian, farsi, finnish, french, galician, german, ngerman, mono
greek, greek, hungarian, icelandic, indonesian, interlingua, irish, italian, la
tin, mongolian, mongolian2a, bokmal, nynorsk, polish, portuguese, romanian, rus
sian, sanskrit, serbian, slovak, slovenian, spanish, swedish, turkish, ukenglis
h, ukrainian, uppersorbian, welsh, loaded.
(/usr/local/texlive/2008/texmf-dist/tex/latex/base/article.cls
Document Class: article 2005/09/16 v1.4f Standard LaTeX document class
(/usr/local/texlive/2008/texmf-dist/tex/latex/base/size10.clo
File: size10.clo 2005/09/16 v1.4f Standard LaTeX file (size option)
)
\c@part=\count79
\c@section=\count80
\c@subsection=\count81
\c@subsubsection=\count82
\c@paragraph=\count83
\c@subparagraph=\count84
\c@figure=\count85
\c@table=\count86
\abovecaptionskip=\skip41
\belowcaptionskip=\skip42
\bibindent=\dimen102
)
(/usr/local/texlive/2008/texmf-dist/tex/latex/cjk/CJK.sty
Package: CJK 2008/08/10 4.8.1

(/usr/local/texlive/2008/texmf-dist/tex/latex/cjk/mule/MULEenc.sty
Package: MULEenc 2008/08/10 4.8.1
)
(/usr/local/texlive/2008/texmf-dist/tex/latex/cjk/CJK.enc
File: CJK.enc 2008/08/10 4.8.1
)
LaTeX Info: Redefining \selectfont on input line 748.
\CJK@indent=\box26
)
(/usr/local/texlive/2008/texmf-dist/tex/latex/textpos/textpos.sty
Package: textpos 2007/03/30 v1.7d

Package: `textpos' 1.7d <2007 March 30>
(/usr/local/texlive/2008/texmf-dist/tex/latex/ms/everyshi.sty
Package: everyshi 2001/05/15 v3.00 EveryShipout Package (MS)
)
\TP@textbox=\box27
\TP@holdbox=\box28
\TPHorizModule=\dimen103
\TPVertModule=\dimen104
\TP@margin=\dimen105
\TP@absmargin=\dimen106

Grid set 16 x 16 = 37.34424pt x 52.81541pt
\TPboxrulesize=\dimen107
\TP@ox=\dimen108
\TP@oy=\dimen109
\TP@tbargs=\toks14
\TP@prevdepth=\dimen110
TextBlockOrigin set to 0pt x 0pt
)
TextBlockOrigin set to 0.30cm x 0.35cm
(/usr/local/texlive/2008/texmf-dist/tex/latex/tools/array.sty
Package: array 2005/08/23 v2.4b Tabular extension package (FMi)
\col@sep=\dimen111
\extrarowheight=\dimen112
\NC@list=\toks15
\extratabsurround=\skip43
\backup@length=\skip44
) (./teamseat.aux)
\openout1 = `teamseat.aux'.

LaTeX Font Info:    Checking defaults for OML/cmm/m/it on input line 44.
LaTeX Font Info:    ... okay on input line 44.
LaTeX Font Info:    Checking defaults for T1/cmr/m/n on input line 44.
LaTeX Font Info:    ... okay on input line 44.
LaTeX Font Info:    Checking defaults for OT1/cmr/m/n on input line 44.
LaTeX Font Info:    ... okay on input line 44.
LaTeX Font Info:    Checking defaults for OMS/cmsy/m/n on input line 44.
LaTeX Font Info:    ... okay on input line 44.
LaTeX Font Info:    Checking defaults for OMX/cmex/m/n on input line 44.
LaTeX Font Info:    ... okay on input line 44.
LaTeX Font Info:    Checking defaults for U/cmr/m/n on input line 44.
LaTeX Font Info:    ... okay on input line 44.
LaTeX Font Info:    Checking defaults for C00/song/m/n on input line 44.
LaTeX Font Info:    ... okay on input line 44.
LaTeX Font Info:    Checking defaults for C05/song/m/n on input line 44.
LaTeX Font Info:    ... okay on input line 44.
LaTeX Font Info:    Checking defaults for C09/song/m/n on input line 44.
LaTeX Font Info:    ... okay on input line 44.
LaTeX Font Info:    Checking defaults for C10/song/m/n on input line 44.
LaTeX Font Info:    ... okay on input line 44.
LaTeX Font Info:    Checking defaults for C20/song/m/n on input line 44.
LaTeX Font Info:    ... okay on input line 44.
LaTeX Font Info:    Checking defaults for C19/song/m/n on input line 44.
LaTeX Font Info:    ... okay on input line 44.
LaTeX Font Info:    Checking defaults for C40/song/m/n on input line 44.
LaTeX Font Info:    ... okay on input line 44.
LaTeX Font Info:    Checking defaults for C42/song/m/n on input line 44.
LaTeX Font Info:    ... okay on input line 44.
LaTeX Font Info:    Checking defaults for C43/song/m/n on input line 44.
LaTeX Font Info:    ... okay on input line 44.
LaTeX Font Info:    Checking defaults for C50/song/m/n on input line 44.
LaTeX Font Info:    ... okay on input line 44.
LaTeX Font Info:    Checking defaults for C52/song/m/n on input line 44.
LaTeX Font Info:    ... okay on input line 44.
LaTeX Font Info:    Checking defaults for C49/song/m/n on input line 44.
LaTeX Font Info:    ... okay on input line 44.
LaTeX Font Info:    Checking defaults for C60/mj/m/n on input line 44.
LaTeX Font Info:    ... okay on input line 44.
LaTeX Font Info:    Checking defaults for C61/mj/m/n on input line 44.
LaTeX Font Info:    ... okay on input line 44.
LaTeX Font Info:    Checking defaults for C63/mj/m/n on input line 44.
LaTeX Font Info:    ... okay on input line 44.
LaTeX Font Info:    Checking defaults for C64/mj/m/n on input line 44.
LaTeX Font Info:    ... okay on input line 44.
LaTeX Font Info:    Checking defaults for C65/mj/m/n on input line 44.
LaTeX Font Info:    ... okay on input line 44.
LaTeX Font Info:    Checking defaults for C70/song/m/n on input line 44.
LaTeX Font Info:    ... okay on input line 44.
LaTeX Font Info:    Checking defaults for C31/song/m/n on input line 44.
LaTeX Font Info:    ... okay on input line 44.
LaTeX Font Info:    Checking defaults for C32/song/m/n on input line 44.
LaTeX Font Info:    ... okay on input line 44.
LaTeX Font Info:    Checking defaults for C33/song/m/n on input line 44.
LaTeX Font Info:    ... okay on input line 44.
LaTeX Font Info:    Checking defaults for C34/song/m/n on input line 44.
LaTeX Font Info:    ... okay on input line 44.
LaTeX Font Info:    Checking defaults for C35/song/m/n on input line 44.
LaTeX Font Info:    ... okay on input line 44.
LaTeX Font Info:    Checking defaults for C36/song/m/n on input line 44.
LaTeX Font Info:    ... okay on input line 44.
LaTeX Font Info:    Checking defaults for C37/song/m/n on input line 44.
LaTeX Font Info:    ... okay on input line 44.
LaTeX Font Info:    Checking defaults for C80/song/m/n on input line 44.
LaTeX Font Info:    ... okay on input line 44.
LaTeX Font Info:    Checking defaults for C81/song/m/n on input line 44.
LaTeX Font Info:    ... okay on input line 44.
LaTeX Font Info:    Checking defaults for C01/song/m/n on input line 44.
LaTeX Font Info:    ... okay on input line 44.
LaTeX Font Info:    Checking defaults for C11/song/m/n on input line 44.
LaTeX Font Info:    ... okay on input line 44.
LaTeX Font Info:    Checking defaults for C21/song/m/n on input line 44.
LaTeX Font Info:    ... okay on input line 44.
LaTeX Font Info:    Checking defaults for C41/song/m/n on input line 44.
LaTeX Font Info:    ... okay on input line 44.
LaTeX Font Info:    Checking defaults for C62/song/m/n on input line 44.
LaTeX Font Info:    ... okay on input line 44.
ABD: EveryShipout initializing macros
(/usr/local/texlive/2008/texmf-dist/tex/latex/cjk/UTF8/UTF8.bdg
File: UTF8.bdg 2008/08/10 4.8.1
)
(/usr/local/texlive/2008/texmf-dist/tex/latex/cjk/UTF8/UTF8.enc
File: UTF8.enc 2008/08/10 4.8.1
)
(/usr/local/texlive/2008/texmf-dist/tex/latex/cjk/UTF8/UTF8.chr
File: UTF8.chr 2008/08/10 4.8.1
)
Overfull \hbox (20.60081pt too wide) in paragraph at lines 51--52
[]  []
 []


Underfull \hbox (badness 10000) in paragraph at lines 51--52

 []


Overfull \hbox (20.60081pt too wide) in paragraph at lines 57--58
[]  []
 []


Underfull \hbox (badness 10000) in paragraph at lines 57--58

 []

LaTeX Font Info:    Try loading font information for C70+cyberbit on input line
 63.
(/usr/local/texlive/2008/texmf-dist/tex/latex/cjk/UTF8/c70cyberbit.fd
File: c70cyberbit.fd 
)
Overfull \hbox (20.60081pt too wide) in paragraph at lines 63--64
[]  []
 []


Underfull \hbox (badness 10000) in paragraph at lines 63--64

 []


Overfull \hbox (20.60081pt too wide) in paragraph at lines 69--70
[]  []
 []


Underfull \hbox (badness 10000) in paragraph at lines 69--70

 []


Overfull \hbox (20.60081pt too wide) in paragraph at lines 75--76
[]  []
 []


Underfull \hbox (badness 10000) in paragraph at lines 75--76

 []


Overfull \hbox (20.60081pt too wide) in paragraph at lines 81--82
[]  []
 []


Underfull \hbox (badness 10000) in paragraph at lines 81--82

 []


Overfull \hbox (20.60081pt too wide) in paragraph at lines 87--88
[]  []
 []


Underfull \hbox (badness 10000) in paragraph at lines 87--88

 []


Overfull \hbox (20.60081pt too wide) in paragraph at lines 93--94
[]  []
 []


Underfull \hbox (badness 10000) in paragraph at lines 93--94

 []


Overfull \hbox (20.60081pt too wide) in paragraph at lines 100--101
[]  []
 []


Underfull \hbox (badness 10000) in paragraph at lines 100--101

 []


Overfull \hbox (20.60081pt too wide) in paragraph at lines 106--107
[]  []
 []


Underfull \hbox (badness 10000) in paragraph at lines 106--107

 []


Overfull \hbox (20.60081pt too wide) in paragraph at lines 112--113
[]  []
 []


Underfull \hbox (badness 10000) in paragraph at lines 112--113

 []


Overfull \hbox (20.60081pt too wide) in paragraph at lines 118--119
[]  []
 []


Underfull \hbox (badness 10000) in paragraph at lines 118--119

 []


Overfull \hbox (20.60081pt too wide) in paragraph at lines 124--125
[]  []
 []


Underfull \hbox (badness 10000) in paragraph at lines 124--125

 []


Overfull \hbox (20.60081pt too wide) in paragraph at lines 130--131
[]  []
 []


Underfull \hbox (badness 10000) in paragraph at lines 130--131

 []


Overfull \hbox (20.60081pt too wide) in paragraph at lines 136--137
[]  []
 []


Underfull \hbox (badness 10000) in paragraph at lines 136--137

 []


Overfull \hbox (20.60081pt too wide) in paragraph at lines 142--143
[]  []
 []


Underfull \hbox (badness 10000) in paragraph at lines 142--143

 []


Overfull \hbox (20.60081pt too wide) in paragraph at lines 149--150
[]  []
 []


Underfull \hbox (badness 10000) in paragraph at lines 149--150

 []


Overfull \hbox (20.60081pt too wide) in paragraph at lines 155--156
[]  []
 []


Underfull \hbox (badness 10000) in paragraph at lines 155--156

 []


Overfull \hbox (20.60081pt too wide) in paragraph at lines 161--162
[]  []
 []


Underfull \hbox (badness 10000) in paragraph at lines 161--162

 []


Overfull \hbox (20.60081pt too wide) in paragraph at lines 167--168
[]  []
 []


Underfull \hbox (badness 10000) in paragraph at lines 167--168

 []


Overfull \hbox (20.60081pt too wide) in paragraph at lines 173--174
[]  []
 []


Underfull \hbox (badness 10000) in paragraph at lines 173--174

 []


Overfull \hbox (20.60081pt too wide) in paragraph at lines 179--180
[]  []
 []


Underfull \hbox (badness 10000) in paragraph at lines 179--180

 []


Overfull \hbox (20.60081pt too wide) in paragraph at lines 185--186
[]  []
 []


Underfull \hbox (badness 10000) in paragraph at lines 185--186

 []


Overfull \hbox (20.60081pt too wide) in paragraph at lines 191--192
[]  []
 []


Underfull \hbox (badness 10000) in paragraph at lines 191--192

 []


Overfull \hbox (20.60081pt too wide) in paragraph at lines 198--199
[]  []
 []


Underfull \hbox (badness 10000) in paragraph at lines 198--199

 []


Overfull \hbox (20.60081pt too wide) in paragraph at lines 204--205
[]  []
 []


Underfull \hbox (badness 10000) in paragraph at lines 204--205

 []


Overfull \hbox (20.60081pt too wide) in paragraph at lines 210--211
[]  []
 []


Underfull \hbox (badness 10000) in paragraph at lines 210--211

 []


Overfull \hbox (20.60081pt too wide) in paragraph at lines 216--217
[]  []
 []


Underfull \hbox (badness 10000) in paragraph at lines 216--217

 []


Overfull \hbox (20.60081pt too wide) in paragraph at lines 222--223
[]  []
 []


Underfull \hbox (badness 10000) in paragraph at lines 222--223

 []


Overfull \hbox (20.60081pt too wide) in paragraph at lines 228--229
[]  []
 []


Underfull \hbox (badness 10000) in paragraph at lines 228--229

 []


Overfull \hbox (20.60081pt too wide) in paragraph at lines 234--235
[]  []
 []


Underfull \hbox (badness 10000) in paragraph at lines 234--235

 []


Overfull \hbox (20.60081pt too wide) in paragraph at lines 240--241
[]  []
 []


Underfull \hbox (badness 10000) in paragraph at lines 240--241

 []


Overfull \hbox (20.60081pt too wide) in paragraph at lines 247--248
[]  []
 []


Underfull \hbox (badness 10000) in paragraph at lines 247--248

 []


Overfull \hbox (20.60081pt too wide) in paragraph at lines 253--254
[]  []
 []


Underfull \hbox (badness 10000) in paragraph at lines 253--254

 []


Overfull \hbox (20.60081pt too wide) in paragraph at lines 259--260
[]  []
 []


Underfull \hbox (badness 10000) in paragraph at lines 259--260

 []


Overfull \hbox (20.60081pt too wide) in paragraph at lines 265--266
[]  []
 []


Underfull \hbox (badness 10000) in paragraph at lines 265--266

 []


Overfull \hbox (20.60081pt too wide) in paragraph at lines 271--272
[]  []
 []


Underfull \hbox (badness 10000) in paragraph at lines 271--272

 []


Overfull \hbox (20.60081pt too wide) in paragraph at lines 277--278
[]  []
 []


Underfull \hbox (badness 10000) in paragraph at lines 277--278

 []


Overfull \hbox (20.60081pt too wide) in paragraph at lines 283--284
[]  []
 []


Underfull \hbox (badness 10000) in paragraph at lines 283--284

 []


Overfull \hbox (20.60081pt too wide) in paragraph at lines 289--290
[]  []
 []


Underfull \hbox (badness 10000) in paragraph at lines 289--290

 []


Overfull \hbox (20.60081pt too wide) in paragraph at lines 296--297
[]  []
 []


Underfull \hbox (badness 10000) in paragraph at lines 296--297

 []


Overfull \hbox (20.60081pt too wide) in paragraph at lines 302--303
[]  []
 []


Underfull \hbox (badness 10000) in paragraph at lines 302--303

 []


Overfull \hbox (20.60081pt too wide) in paragraph at lines 308--309
[]  []
 []


Underfull \hbox (badness 10000) in paragraph at lines 308--309

 []


Overfull \hbox (20.60081pt too wide) in paragraph at lines 314--315
[]  []
 []


Underfull \hbox (badness 10000) in paragraph at lines 314--315

 []


Overfull \hbox (20.60081pt too wide) in paragraph at lines 320--321
[]  []
 []


Underfull \hbox (badness 10000) in paragraph at lines 320--321

 []


Overfull \hbox (20.60081pt too wide) in paragraph at lines 326--327
[]  []
 []


Underfull \hbox (badness 10000) in paragraph at lines 326--327

 []


Overfull \hbox (20.60081pt too wide) in paragraph at lines 332--333
[]  []
 []


Underfull \hbox (badness 10000) in paragraph at lines 332--333

 []


Overfull \hbox (20.60081pt too wide) in paragraph at lines 338--339
[]  []
 []


Underfull \hbox (badness 10000) in paragraph at lines 338--339

 []


Overfull \hbox (20.60081pt too wide) in paragraph at lines 345--346
[]  []
 []


Underfull \hbox (badness 10000) in paragraph at lines 345--346

 []


Overfull \hbox (20.60081pt too wide) in paragraph at lines 351--352
[]  []
 []


Underfull \hbox (badness 10000) in paragraph at lines 351--352

 []


Overfull \hbox (20.60081pt too wide) in paragraph at lines 357--358
[]  []
 []


Underfull \hbox (badness 10000) in paragraph at lines 357--358

 []


Overfull \hbox (20.60081pt too wide) in paragraph at lines 363--364
[]  []
 []


Underfull \hbox (badness 10000) in paragraph at lines 363--364

 []


Overfull \hbox (20.60081pt too wide) in paragraph at lines 369--370
[]  []
 []


Underfull \hbox (badness 10000) in paragraph at lines 369--370

 []


Overfull \hbox (20.60081pt too wide) in paragraph at lines 375--376
[]  []
 []


Underfull \hbox (badness 10000) in paragraph at lines 375--376

 []


Overfull \hbox (20.60081pt too wide) in paragraph at lines 381--382
[]  []
 []


Underfull \hbox (badness 10000) in paragraph at lines 381--382

 []


Overfull \hbox (20.60081pt too wide) in paragraph at lines 387--388
[]  []
 []


Underfull \hbox (badness 10000) in paragraph at lines 387--388

 []


Overfull \hbox (20.60081pt too wide) in paragraph at lines 394--395
[]  []
 []


Underfull \hbox (badness 10000) in paragraph at lines 394--395

 []


Overfull \hbox (20.60081pt too wide) in paragraph at lines 400--401
[]  []
 []


Underfull \hbox (badness 10000) in paragraph at lines 400--401

 []


Overfull \hbox (20.60081pt too wide) in paragraph at lines 406--407
[]  []
 []


Underfull \hbox (badness 10000) in paragraph at lines 406--407

 []


Overfull \hbox (20.60081pt too wide) in paragraph at lines 412--413
[]  []
 []


Underfull \hbox (badness 10000) in paragraph at lines 412--413

 []

[1

] (./teamseat.aux) ) 
Here is how much of TeX's memory you used:
 1388 strings out of 493887
 16062 string characters out of 1151143
 107980 words of memory out of 3000000
 4682 multiletter control sequences out of 10000+50000
 11898 words of font info for 42 fonts, out of 3000000 for 5000
 714 hyphenation exceptions out of 8191
 23i,6n,32p,210b,414s stack positions out of 5000i,500n,10000p,200000b,50000s

Output written on teamseat.dvi (1 page, 10664 bytes).
