This is pdfTeXk, Version 3.1415926-1.40.9 (Web2C 7.5.7) (format=latex 2008.11.9)  15 SEP 2009 08:45
entering extended mode
 %&-line parsing enabled.
**teamseat.tex
(./teamseat.tex
LaTeX2e <2005/12/01>
Babel <v3.8l> and hyphenation patterns for english, usenglishmax, dumylang, noh
yphenation, german-x-2008-06-18, ngerman-x-2008-06-18, ancientgreek, ibycus, ar
abic, basque, bulgarian, catalan, pinyin, coptic, croatian, czech, danish, dutc
h, esperanto, estonian, farsi, finnish, french, galician, german, ngerman, mono
greek, greek, hungarian, icelandic, indonesian, interlingua, irish, italian, la
tin, mongolian, mongolian2a, bokmal, nynorsk, polish, portuguese, romanian, rus
sian, sanskrit, serbian, slovak, slovenian, spanish, swedish, turkish, ukenglis
h, ukrainian, uppersorbian, welsh, loaded.
(/usr/local/texlive/2008/texmf-dist/tex/latex/base/article.cls
Document Class: article 2005/09/16 v1.4f Standard LaTeX document class
(/usr/local/texlive/2008/texmf-dist/tex/latex/base/size10.clo
File: size10.clo 2005/09/16 v1.4f Standard LaTeX file (size option)
)
\c@part=\count79
\c@section=\count80
\c@subsection=\count81
\c@subsubsection=\count82
\c@paragraph=\count83
\c@subparagraph=\count84
\c@figure=\count85
\c@table=\count86
\abovecaptionskip=\skip41
\belowcaptionskip=\skip42
\bibindent=\dimen102
)
(/usr/local/texlive/2008/texmf-dist/tex/latex/cjk/CJK.sty
Package: CJK 2008/08/10 4.8.1

(/usr/local/texlive/2008/texmf-dist/tex/latex/cjk/mule/MULEenc.sty
Package: MULEenc 2008/08/10 4.8.1
)
(/usr/local/texlive/2008/texmf-dist/tex/latex/cjk/CJK.enc
File: CJK.enc 2008/08/10 4.8.1
)
LaTeX Info: Redefining \selectfont on input line 748.
\CJK@indent=\box26
)
(/usr/local/texlive/2008/texmf-dist/tex/latex/textpos/textpos.sty
Package: textpos 2007/03/30 v1.7d

Package: `textpos' 1.7d <2007 March 30>
(/usr/local/texlive/2008/texmf-dist/tex/latex/ms/everyshi.sty
Package: everyshi 2001/05/15 v3.00 EveryShipout Package (MS)
)
\TP@textbox=\box27
\TP@holdbox=\box28
\TPHorizModule=\dimen103
\TPVertModule=\dimen104
\TP@margin=\dimen105
\TP@absmargin=\dimen106

Grid set 16 x 16 = 37.34424pt x 52.81541pt
\TPboxrulesize=\dimen107
\TP@ox=\dimen108
\TP@oy=\dimen109
\TP@tbargs=\toks14
\TP@prevdepth=\dimen110
TextBlockOrigin set to 0pt x 0pt
)
TextBlockOrigin set to 0.30cm x 0.35cm
(/usr/local/texlive/2008/texmf-dist/tex/latex/tools/array.sty
Package: array 2005/08/23 v2.4b Tabular extension package (FMi)
\col@sep=\dimen111
\extrarowheight=\dimen112
\NC@list=\toks15
\extratabsurround=\skip43
\backup@length=\skip44
)
No file teamseat.aux.
\openout1 = `teamseat.aux'.

LaTeX Font Info:    Checking defaults for OML/cmm/m/it on input line 43.
LaTeX Font Info:    ... okay on input line 43.
LaTeX Font Info:    Checking defaults for T1/cmr/m/n on input line 43.
LaTeX Font Info:    ... okay on input line 43.
LaTeX Font Info:    Checking defaults for OT1/cmr/m/n on input line 43.
LaTeX Font Info:    ... okay on input line 43.
LaTeX Font Info:    Checking defaults for OMS/cmsy/m/n on input line 43.
LaTeX Font Info:    ... okay on input line 43.
LaTeX Font Info:    Checking defaults for OMX/cmex/m/n on input line 43.
LaTeX Font Info:    ... okay on input line 43.
LaTeX Font Info:    Checking defaults for U/cmr/m/n on input line 43.
LaTeX Font Info:    ... okay on input line 43.
LaTeX Font Info:    Checking defaults for C00/song/m/n on input line 43.
LaTeX Font Info:    ... okay on input line 43.
LaTeX Font Info:    Checking defaults for C05/song/m/n on input line 43.
LaTeX Font Info:    ... okay on input line 43.
LaTeX Font Info:    Checking defaults for C09/song/m/n on input line 43.
LaTeX Font Info:    ... okay on input line 43.
LaTeX Font Info:    Checking defaults for C10/song/m/n on input line 43.
LaTeX Font Info:    ... okay on input line 43.
LaTeX Font Info:    Checking defaults for C20/song/m/n on input line 43.
LaTeX Font Info:    ... okay on input line 43.
LaTeX Font Info:    Checking defaults for C19/song/m/n on input line 43.
LaTeX Font Info:    ... okay on input line 43.
LaTeX Font Info:    Checking defaults for C40/song/m/n on input line 43.
LaTeX Font Info:    ... okay on input line 43.
LaTeX Font Info:    Checking defaults for C42/song/m/n on input line 43.
LaTeX Font Info:    ... okay on input line 43.
LaTeX Font Info:    Checking defaults for C43/song/m/n on input line 43.
LaTeX Font Info:    ... okay on input line 43.
LaTeX Font Info:    Checking defaults for C50/song/m/n on input line 43.
LaTeX Font Info:    ... okay on input line 43.
LaTeX Font Info:    Checking defaults for C52/song/m/n on input line 43.
LaTeX Font Info:    ... okay on input line 43.
LaTeX Font Info:    Checking defaults for C49/song/m/n on input line 43.
LaTeX Font Info:    ... okay on input line 43.
LaTeX Font Info:    Checking defaults for C60/mj/m/n on input line 43.
LaTeX Font Info:    ... okay on input line 43.
LaTeX Font Info:    Checking defaults for C61/mj/m/n on input line 43.
LaTeX Font Info:    ... okay on input line 43.
LaTeX Font Info:    Checking defaults for C63/mj/m/n on input line 43.
LaTeX Font Info:    ... okay on input line 43.
LaTeX Font Info:    Checking defaults for C64/mj/m/n on input line 43.
LaTeX Font Info:    ... okay on input line 43.
LaTeX Font Info:    Checking defaults for C65/mj/m/n on input line 43.
LaTeX Font Info:    ... okay on input line 43.
LaTeX Font Info:    Checking defaults for C70/song/m/n on input line 43.
LaTeX Font Info:    ... okay on input line 43.
LaTeX Font Info:    Checking defaults for C31/song/m/n on input line 43.
LaTeX Font Info:    ... okay on input line 43.
LaTeX Font Info:    Checking defaults for C32/song/m/n on input line 43.
LaTeX Font Info:    ... okay on input line 43.
LaTeX Font Info:    Checking defaults for C33/song/m/n on input line 43.
LaTeX Font Info:    ... okay on input line 43.
LaTeX Font Info:    Checking defaults for C34/song/m/n on input line 43.
LaTeX Font Info:    ... okay on input line 43.
LaTeX Font Info:    Checking defaults for C35/song/m/n on input line 43.
LaTeX Font Info:    ... okay on input line 43.
LaTeX Font Info:    Checking defaults for C36/song/m/n on input line 43.
LaTeX Font Info:    ... okay on input line 43.
LaTeX Font Info:    Checking defaults for C37/song/m/n on input line 43.
LaTeX Font Info:    ... okay on input line 43.
LaTeX Font Info:    Checking defaults for C80/song/m/n on input line 43.
LaTeX Font Info:    ... okay on input line 43.
LaTeX Font Info:    Checking defaults for C81/song/m/n on input line 43.
LaTeX Font Info:    ... okay on input line 43.
LaTeX Font Info:    Checking defaults for C01/song/m/n on input line 43.
LaTeX Font Info:    ... okay on input line 43.
LaTeX Font Info:    Checking defaults for C11/song/m/n on input line 43.
LaTeX Font Info:    ... okay on input line 43.
LaTeX Font Info:    Checking defaults for C21/song/m/n on input line 43.
LaTeX Font Info:    ... okay on input line 43.
LaTeX Font Info:    Checking defaults for C41/song/m/n on input line 43.
LaTeX Font Info:    ... okay on input line 43.
LaTeX Font Info:    Checking defaults for C62/song/m/n on input line 43.
LaTeX Font Info:    ... okay on input line 43.
ABD: EveryShipout initializing macros
(/usr/local/texlive/2008/texmf-dist/tex/latex/cjk/UTF8/UTF8.bdg
File: UTF8.bdg 2008/08/10 4.8.1
)
(/usr/local/texlive/2008/texmf-dist/tex/latex/cjk/UTF8/UTF8.enc
File: UTF8.enc 2008/08/10 4.8.1
)
(/usr/local/texlive/2008/texmf-dist/tex/latex/cjk/UTF8/UTF8.chr
File: UTF8.chr 2008/08/10 4.8.1
)
LaTeX Font Info:    Try loading font information for C70+cyberbit on input line
 49.

(/usr/local/texlive/2008/texmf-dist/tex/latex/cjk/UTF8/c70cyberbit.fd
File: c70cyberbit.fd 
)
Overfull \hbox (20.60081pt too wide) in paragraph at lines 49--50
[]  []
 []


Underfull \hbox (badness 10000) in paragraph at lines 49--50

 []


Overfull \hbox (20.60081pt too wide) in paragraph at lines 55--56
[]  []
 []


Underfull \hbox (badness 10000) in paragraph at lines 55--56

 []


Overfull \hbox (20.60081pt too wide) in paragraph at lines 61--62
[]  []
 []


Underfull \hbox (badness 10000) in paragraph at lines 61--62

 []


Overfull \hbox (20.60081pt too wide) in paragraph at lines 67--68
[]  []
 []


Underfull \hbox (badness 10000) in paragraph at lines 67--68

 []


Overfull \hbox (20.60081pt too wide) in paragraph at lines 73--74
[]  []
 []


Underfull \hbox (badness 10000) in paragraph at lines 73--74

 []


Overfull \hbox (20.60081pt too wide) in paragraph at lines 79--80
[]  []
 []


Underfull \hbox (badness 10000) in paragraph at lines 79--80

 []


Overfull \hbox (20.60081pt too wide) in paragraph at lines 85--86
[]  []
 []


Underfull \hbox (badness 10000) in paragraph at lines 85--86

 []


Overfull \hbox (20.60081pt too wide) in paragraph at lines 91--92
[]  []
 []


Underfull \hbox (badness 10000) in paragraph at lines 91--92

 []


Overfull \hbox (20.60081pt too wide) in paragraph at lines 98--99
[]  []
 []


Underfull \hbox (badness 10000) in paragraph at lines 98--99

 []


Overfull \hbox (20.60081pt too wide) in paragraph at lines 104--105
[]  []
 []


Underfull \hbox (badness 10000) in paragraph at lines 104--105

 []


Overfull \hbox (20.60081pt too wide) in paragraph at lines 110--111
[]  []
 []


Underfull \hbox (badness 10000) in paragraph at lines 110--111

 []


Overfull \hbox (20.60081pt too wide) in paragraph at lines 116--117
[]  []
 []


Underfull \hbox (badness 10000) in paragraph at lines 116--117

 []


Overfull \hbox (20.60081pt too wide) in paragraph at lines 122--123
[]  []
 []


Underfull \hbox (badness 10000) in paragraph at lines 122--123

 []


Overfull \hbox (20.60081pt too wide) in paragraph at lines 128--129
[]  []
 []


Underfull \hbox (badness 10000) in paragraph at lines 128--129

 []


Overfull \hbox (20.60081pt too wide) in paragraph at lines 134--135
[]  []
 []


Underfull \hbox (badness 10000) in paragraph at lines 134--135

 []


Overfull \hbox (20.60081pt too wide) in paragraph at lines 140--141
[]  []
 []


Underfull \hbox (badness 10000) in paragraph at lines 140--141

 []


Overfull \hbox (20.60081pt too wide) in paragraph at lines 147--148
[]  []
 []


Underfull \hbox (badness 10000) in paragraph at lines 147--148

 []


Overfull \hbox (20.60081pt too wide) in paragraph at lines 153--154
[]  []
 []


Underfull \hbox (badness 10000) in paragraph at lines 153--154

 []


Overfull \hbox (20.60081pt too wide) in paragraph at lines 159--160
[]  []
 []


Underfull \hbox (badness 10000) in paragraph at lines 159--160

 []


Overfull \hbox (20.60081pt too wide) in paragraph at lines 165--166
[]  []
 []


Underfull \hbox (badness 10000) in paragraph at lines 165--166

 []


Overfull \hbox (20.60081pt too wide) in paragraph at lines 171--172
[]  []
 []


Underfull \hbox (badness 10000) in paragraph at lines 171--172

 []


Overfull \hbox (20.60081pt too wide) in paragraph at lines 177--178
[]  []
 []


Underfull \hbox (badness 10000) in paragraph at lines 177--178

 []


Overfull \hbox (20.60081pt too wide) in paragraph at lines 183--184
[]  []
 []


Underfull \hbox (badness 10000) in paragraph at lines 183--184

 []


Overfull \hbox (20.60081pt too wide) in paragraph at lines 189--190
[]  []
 []


Underfull \hbox (badness 10000) in paragraph at lines 189--190

 []


Overfull \hbox (20.60081pt too wide) in paragraph at lines 196--197
[]  []
 []


Underfull \hbox (badness 10000) in paragraph at lines 196--197

 []


Overfull \hbox (20.60081pt too wide) in paragraph at lines 202--203
[]  []
 []


Underfull \hbox (badness 10000) in paragraph at lines 202--203

 []


Overfull \hbox (20.60081pt too wide) in paragraph at lines 208--209
[]  []
 []


Underfull \hbox (badness 10000) in paragraph at lines 208--209

 []


Overfull \hbox (20.60081pt too wide) in paragraph at lines 214--215
[]  []
 []


Underfull \hbox (badness 10000) in paragraph at lines 214--215

 []


Overfull \hbox (20.60081pt too wide) in paragraph at lines 220--221
[]  []
 []


Underfull \hbox (badness 10000) in paragraph at lines 220--221

 []


Overfull \hbox (20.60081pt too wide) in paragraph at lines 226--227
[]  []
 []


Underfull \hbox (badness 10000) in paragraph at lines 226--227

 []


Overfull \hbox (20.60081pt too wide) in paragraph at lines 232--233
[]  []
 []


Underfull \hbox (badness 10000) in paragraph at lines 232--233

 []


Overfull \hbox (20.60081pt too wide) in paragraph at lines 238--239
[]  []
 []


Underfull \hbox (badness 10000) in paragraph at lines 238--239

 []


Overfull \hbox (20.60081pt too wide) in paragraph at lines 245--246
[]  []
 []


Underfull \hbox (badness 10000) in paragraph at lines 245--246

 []


Overfull \hbox (20.60081pt too wide) in paragraph at lines 251--252
[]  []
 []


Underfull \hbox (badness 10000) in paragraph at lines 251--252

 []


Overfull \hbox (20.60081pt too wide) in paragraph at lines 257--258
[]  []
 []


Underfull \hbox (badness 10000) in paragraph at lines 257--258

 []


Overfull \hbox (20.60081pt too wide) in paragraph at lines 263--264
[]  []
 []


Underfull \hbox (badness 10000) in paragraph at lines 263--264

 []


Overfull \hbox (20.60081pt too wide) in paragraph at lines 269--270
[]  []
 []


Underfull \hbox (badness 10000) in paragraph at lines 269--270

 []


Overfull \hbox (20.60081pt too wide) in paragraph at lines 275--276
[]  []
 []


Underfull \hbox (badness 10000) in paragraph at lines 275--276

 []


Overfull \hbox (20.60081pt too wide) in paragraph at lines 281--282
[]  []
 []


Underfull \hbox (badness 10000) in paragraph at lines 281--282

 []


Overfull \hbox (20.60081pt too wide) in paragraph at lines 287--288
[]  []
 []


Underfull \hbox (badness 10000) in paragraph at lines 287--288

 []


Overfull \hbox (20.60081pt too wide) in paragraph at lines 294--295
[]  []
 []


Underfull \hbox (badness 10000) in paragraph at lines 294--295

 []


Overfull \hbox (20.60081pt too wide) in paragraph at lines 300--301
[]  []
 []


Underfull \hbox (badness 10000) in paragraph at lines 300--301

 []


Overfull \hbox (20.60081pt too wide) in paragraph at lines 306--307
[]  []
 []


Underfull \hbox (badness 10000) in paragraph at lines 306--307

 []


Overfull \hbox (20.60081pt too wide) in paragraph at lines 312--313
[]  []
 []


Underfull \hbox (badness 10000) in paragraph at lines 312--313

 []


Overfull \hbox (20.60081pt too wide) in paragraph at lines 318--319
[]  []
 []


Underfull \hbox (badness 10000) in paragraph at lines 318--319

 []


Overfull \hbox (20.60081pt too wide) in paragraph at lines 324--325
[]  []
 []


Underfull \hbox (badness 10000) in paragraph at lines 324--325

 []


Overfull \hbox (20.60081pt too wide) in paragraph at lines 330--331
[]  []
 []


Underfull \hbox (badness 10000) in paragraph at lines 330--331

 []


Overfull \hbox (20.60081pt too wide) in paragraph at lines 336--337
[]  []
 []


Underfull \hbox (badness 10000) in paragraph at lines 336--337

 []


Overfull \hbox (20.60081pt too wide) in paragraph at lines 343--344
[]  []
 []


Underfull \hbox (badness 10000) in paragraph at lines 343--344

 []


Overfull \hbox (20.60081pt too wide) in paragraph at lines 349--350
[]  []
 []


Underfull \hbox (badness 10000) in paragraph at lines 349--350

 []


Overfull \hbox (20.60081pt too wide) in paragraph at lines 355--356
[]  []
 []


Underfull \hbox (badness 10000) in paragraph at lines 355--356

 []


Overfull \hbox (20.60081pt too wide) in paragraph at lines 361--362
[]  []
 []


Underfull \hbox (badness 10000) in paragraph at lines 361--362

 []


Overfull \hbox (20.60081pt too wide) in paragraph at lines 367--368
[]  []
 []


Underfull \hbox (badness 10000) in paragraph at lines 367--368

 []


Overfull \hbox (20.60081pt too wide) in paragraph at lines 373--374
[]  []
 []


Underfull \hbox (badness 10000) in paragraph at lines 373--374

 []


Overfull \hbox (20.60081pt too wide) in paragraph at lines 379--380
[]  []
 []


Underfull \hbox (badness 10000) in paragraph at lines 379--380

 []


Overfull \hbox (20.60081pt too wide) in paragraph at lines 385--386
[]  []
 []


Underfull \hbox (badness 10000) in paragraph at lines 385--386

 []


Overfull \hbox (20.60081pt too wide) in paragraph at lines 392--393
[]  []
 []


Underfull \hbox (badness 10000) in paragraph at lines 392--393

 []


Overfull \hbox (20.60081pt too wide) in paragraph at lines 398--399
[]  []
 []


Underfull \hbox (badness 10000) in paragraph at lines 398--399

 []


Overfull \hbox (20.60081pt too wide) in paragraph at lines 404--405
[]  []
 []


Underfull \hbox (badness 10000) in paragraph at lines 404--405

 []


Overfull \hbox (20.60081pt too wide) in paragraph at lines 410--411
[]  []
 []


Underfull \hbox (badness 10000) in paragraph at lines 410--411

 []

[1

] (./teamseat.aux) ) 
Here is how much of TeX's memory you used:
 1522 strings out of 493887
 18885 string characters out of 1151143
 110980 words of memory out of 3000000
 4791 multiletter control sequences out of 10000+50000
 19989 words of font info for 70 fonts, out of 3000000 for 5000
 714 hyphenation exceptions out of 8191
 23i,6n,31p,189b,415s stack positions out of 5000i,500n,10000p,200000b,50000s

Output written on teamseat.dvi (1 page, 13456 bytes).
