This is pdfTeXk, Version 3.141592-1.40.3 (Web2C 7.5.6) (format=latex 2011.8.31)  19 SEP 2011 09:16
entering extended mode
 %&-line parsing enabled.
**teamseat.tex
(./teamseat.tex
LaTeX2e <2005/12/01>
Babel <v3.8h> and hyphenation patterns for english, usenglishmax, dumylang, noh
yphenation, arabic, basque, bulgarian, coptic, welsh, czech, slovak, german, ng
erman, danish, esperanto, spanish, catalan, galician, estonian, farsi, finnish,
 french, greek, monogreek, ancientgreek, croatian, hungarian, interlingua, ibyc
us, indonesian, icelandic, italian, latin, mongolian, dutch, norsk, polish, por
tuguese, pinyin, romanian, russian, slovenian, uppersorbian, serbian, swedish, 
turkish, ukenglish, ukrainian, loaded.
(/usr/share/texmf/tex/latex/base/article.cls
Document Class: article 2005/09/16 v1.4f Standard LaTeX document class
(/usr/share/texmf/tex/latex/base/size10.clo
File: size10.clo 2005/09/16 v1.4f Standard LaTeX file (size option)
)
\c@part=\count79
\c@section=\count80
\c@subsection=\count81
\c@subsubsection=\count82
\c@paragraph=\count83
\c@subparagraph=\count84
\c@figure=\count85
\c@table=\count86
\abovecaptionskip=\skip41
\belowcaptionskip=\skip42
\bibindent=\dimen102
)
(/usr/share/texmf/tex/latex/textpos/textpos.sty
Package: textpos 2006/09/02 v1.7a

Package: `textpos' 1.7a <2006 September 2>
(/usr/share/texmf/tex/latex/everyshi/everyshi.sty
Package: everyshi 2001/05/15 v3.00 EveryShipout Package (MS)
)
\TP@textbox=\box26
\TP@holdbox=\box27
\TPHorizModule=\dimen103
\TPVertModule=\dimen104
\TP@margin=\dimen105
\TP@absmargin=\dimen106

Grid set 16 x 16 = 37.34424pt x 52.81541pt
\TPboxrulesize=\dimen107
\TP@ox=\dimen108
\TP@oy=\dimen109
\TP@tbargs=\toks14
\TP@prevdepth=\dimen110
TextBlockOrigin set to 0pt x 0pt
)
TextBlockOrigin set to 0.30cm x 0.35cm
(/usr/share/texmf/tex/latex/tools/array.sty
Package: array 2005/08/23 v2.4b Tabular extension package (FMi)
\col@sep=\dimen111
\extrarowheight=\dimen112
\NC@list=\toks15
\extratabsurround=\skip43
\backup@length=\skip44
) (./teamseat.aux)
\openout1 = `teamseat.aux'.

LaTeX Font Info:    Checking defaults for OML/cmm/m/it on input line 43.
LaTeX Font Info:    ... okay on input line 43.
LaTeX Font Info:    Checking defaults for T1/cmr/m/n on input line 43.
LaTeX Font Info:    ... okay on input line 43.
LaTeX Font Info:    Checking defaults for OT1/cmr/m/n on input line 43.
LaTeX Font Info:    ... okay on input line 43.
LaTeX Font Info:    Checking defaults for OMS/cmsy/m/n on input line 43.
LaTeX Font Info:    ... okay on input line 43.
LaTeX Font Info:    Checking defaults for OMX/cmex/m/n on input line 43.
LaTeX Font Info:    ... okay on input line 43.
LaTeX Font Info:    Checking defaults for U/cmr/m/n on input line 43.
LaTeX Font Info:    ... okay on input line 43.

ABD: EveryShipout initializing macros
Missing character: There is no È in font cmr10!
Missing character: There is no æ in font cmr10!
Missing character: There is no î in font cmr10!
Missing character: There is no Â in font cmr10!
Missing character: There is no Ω in font cmr10!
Missing character: There is no • in font cmr10!
Missing character: There is no ‰ in font cmr10!
Missing character: There is no ∏ in font cmr10!
Missing character: There is no û in font cmr10!

Overfull \hbox (32.60497pt too wide) in paragraph at lines 50--51
 [][] 
 []


Underfull \hbox (badness 10000) in paragraph at lines 50--51
  
 []

Missing character: There is no Á in font cmr10!
Missing character: There is no é in font cmr10!
Missing character: There is no ã in font cmr10!
Missing character: There is no Â in font cmr10!
Missing character: There is no ª in font cmr10!
Missing character: There is no ∫ in font cmr10!
Missing character: There is no Ê in font cmr10!
Missing character: There is no ô in font cmr10!
Missing character: There is no ∫ in font cmr10!

Overfull \hbox (32.60497pt too wide) in paragraph at lines 56--57
 [][] 
 []


Underfull \hbox (badness 10000) in paragraph at lines 56--57
  
 []

Missing character: There is no ‰ in font cmr10!
Missing character: There is no Ω in font cmr10!
Missing character: There is no ï in font cmr10!
Missing character: There is no ‰ in font cmr10!
Missing character: There is no Ω in font cmr10!
Missing character: There is no © in font cmr10!
Missing character: There is no Á in font cmr10!
Missing character: There is no è in font cmr10!
Missing character: There is no ä in font cmr10!

Overfull \hbox (32.60497pt too wide) in paragraph at lines 62--63
 [][] 
 []


Underfull \hbox (badness 10000) in paragraph at lines 62--63
  
 []

Missing character: There is no Â in font cmr10!
Missing character: There is no ë in font cmr10!
Missing character: There is no ® in font cmr10!
Missing character: There is no Ë in font cmr10!
Missing character: There is no å in font cmr10!
Missing character: There is no Ç in font cmr10!
Missing character: There is no Ê in font cmr10!
Missing character: There is no ¶ in font cmr10!
Missing character: There is no Æ in font cmr10!

Overfull \hbox (32.60497pt too wide) in paragraph at lines 68--69
 [][] 
 []


Underfull \hbox (badness 10000) in paragraph at lines 68--69
  
 []

Missing character: There is no Ë in font cmr10!
Missing character: There is no à in font cmr10!
Missing character: There is no í in font cmr10!
Missing character: There is no Á in font cmr10!
Missing character: There is no î in font cmr10!
Missing character: There is no ü in font cmr10!
Missing character: There is no Â in font cmr10!
Missing character: There is no Ç in font cmr10!
Missing character: There is no ë in font cmr10!

Overfull \hbox (32.60497pt too wide) in paragraph at lines 74--75
 [][] 
 []


Underfull \hbox (badness 10000) in paragraph at lines 74--75
  
 []

Missing character: There is no ‰ in font cmr10!
Missing character: There is no Ω in font cmr10!
Missing character: There is no ï in font cmr10!
Missing character: There is no Ë in font cmr10!
Missing character: There is no Ç in font cmr10!
Missing character: There is no ≤ in font cmr10!
Missing character: There is no Ë in font cmr10!
Missing character: There is no ê in font cmr10!
Missing character: There is no å in font cmr10!

Overfull \hbox (32.60497pt too wide) in paragraph at lines 80--81
 [][] 
 []


Underfull \hbox (badness 10000) in paragraph at lines 80--81
  
 []

Missing character: There is no Â in font cmr10!
Missing character: There is no Ω in font cmr10!
Missing character: There is no ≠ in font cmr10!
Missing character: There is no Á in font cmr10!
Missing character: There is no õ in font cmr10!
Missing character: There is no à in font cmr10!
Missing character: There is no Ê in font cmr10!
Missing character: There is no É in font cmr10!
Missing character: There is no † in font cmr10!

Overfull \hbox (32.60497pt too wide) in paragraph at lines 87--88
 [][] 
 []


Underfull \hbox (badness 10000) in paragraph at lines 87--88
  
 []

Missing character: There is no Ë in font cmr10!
Missing character: There is no î in font cmr10!
Missing character: There is no ° in font cmr10!
Missing character: There is no Â in font cmr10!
Missing character: There is no Æ in font cmr10!
Missing character: There is no õ in font cmr10!
Missing character: There is no Ë in font cmr10!
Missing character: There is no ì in font cmr10!
Missing character: There is no Å in font cmr10!

Overfull \hbox (32.60497pt too wide) in paragraph at lines 93--94
 [][] 
 []


Underfull \hbox (badness 10000) in paragraph at lines 93--94
  
 []

Missing character: There is no Ê in font cmr10!
Missing character: There is no ù in font cmr10!
Missing character: There is no é in font cmr10!
Missing character: There is no Ë in font cmr10!
Missing character: There is no © in font cmr10!
Missing character: There is no © in font cmr10!
Missing character: There is no Ë in font cmr10!
Missing character: There is no © in font cmr10!
Missing character: There is no © in font cmr10!

Overfull \hbox (32.60497pt too wide) in paragraph at lines 99--100
 [][] 
 []


Underfull \hbox (badness 10000) in paragraph at lines 99--100
  
 []

Missing character: There is no Ë in font cmr10!
Missing character: There is no ò in font cmr10!
Missing character: There is no á in font cmr10!
Missing character: There is no Á in font cmr10!
Missing character: There is no ø in font cmr10!
Missing character: There is no ä in font cmr10!
Missing character: There is no Á in font cmr10!
Missing character: There is no ∂ in font cmr10!
Missing character: There is no ∫ in font cmr10!

Overfull \hbox (32.60497pt too wide) in paragraph at lines 105--106
 [][] 
 []


Underfull \hbox (badness 10000) in paragraph at lines 105--106
  
 []

Missing character: There is no Â in font cmr10!
Missing character: There is no ª in font cmr10!
Missing character: There is no ñ in font cmr10!
Missing character: There is no ‰ in font cmr10!
Missing character: There is no Ω in font cmr10!
Missing character: There is no ë in font cmr10!
Missing character: There is no Ë in font cmr10!
Missing character: There is no ª in font cmr10!
Missing character: There is no í in font cmr10!

Overfull \hbox (32.60497pt too wide) in paragraph at lines 111--112
 [][] 
 []


Underfull \hbox (badness 10000) in paragraph at lines 111--112
  
 []

Missing character: There is no Â in font cmr10!
Missing character: There is no º in font cmr10!
Missing character: There is no µ in font cmr10!
Missing character: There is no È in font cmr10!
Missing character: There is no õ in font cmr10!
Missing character: There is no Ö in font cmr10!
Missing character: There is no Á in font cmr10!
Missing character: There is no ∂ in font cmr10!
Missing character: There is no ∏ in font cmr10!

Overfull \hbox (32.60497pt too wide) in paragraph at lines 117--118
 [][] 
 []


Underfull \hbox (badness 10000) in paragraph at lines 117--118
  
 []

Missing character: There is no Ê in font cmr10!
Missing character: There is no ¢ in font cmr10!
Missing character: There is no Å in font cmr10!
Missing character: There is no ‰ in font cmr10!
Missing character: There is no ∏ in font cmr10!
Missing character: There is no û in font cmr10!
Missing character: There is no ‰ in font cmr10!
Missing character: There is no Ω in font cmr10!
Missing character: There is no ë in font cmr10!

Overfull \hbox (32.60497pt too wide) in paragraph at lines 123--124
 [][] 
 []


Underfull \hbox (badness 10000) in paragraph at lines 123--124
  
 []

Missing character: There is no Â in font cmr10!
Missing character: There is no Ä in font cmr10!
Missing character: There is no ™ in font cmr10!
Missing character: There is no Â in font cmr10!
Missing character: There is no Å in font cmr10!
Missing character: There is no â in font cmr10!
Missing character: There is no Â in font cmr10!
Missing character: There is no Ç in font cmr10!
Missing character: There is no ë in font cmr10!

Overfull \hbox (32.60497pt too wide) in paragraph at lines 129--130
 [][] 
 []


Underfull \hbox (badness 10000) in paragraph at lines 129--130
  
 []

Missing character: There is no Ê in font cmr10!
Missing character: There is no ¢ in font cmr10!
Missing character: There is no Å in font cmr10!
Missing character: There is no Ë in font cmr10!
Missing character: There is no ñ in font cmr10!
Missing character: There is no ∞ in font cmr10!
Missing character: There is no Ê in font cmr10!
Missing character: There is no ñ in font cmr10!
Missing character: There is no π in font cmr10!

Overfull \hbox (32.60497pt too wide) in paragraph at lines 135--136
 [][] 
 []


Underfull \hbox (badness 10000) in paragraph at lines 135--136
  
 []

Missing character: There is no È in font cmr10!
Missing character: There is no ª in font cmr10!
Missing character: There is no É in font cmr10!
Missing character: There is no Ê in font cmr10!
Missing character: There is no ∑ in font cmr10!
Missing character: There is no ë in font cmr10!
Missing character: There is no Â in font cmr10!
Missing character: There is no Æ in font cmr10!
Missing character: There is no π in font cmr10!

Overfull \hbox (32.60497pt too wide) in paragraph at lines 141--142
 [][] 
 []


Underfull \hbox (badness 10000) in paragraph at lines 141--142
  
 []

Missing character: There is no È in font cmr10!
Missing character: There is no ô in font cmr10!
Missing character: There is no ≥ in font cmr10!
Missing character: There is no Â in font cmr10!
Missing character: There is no Ω in font cmr10!
Missing character: There is no • in font cmr10!
Missing character: There is no Â in font cmr10!
Missing character: There is no ¶ in font cmr10!
Missing character: There is no Ç in font cmr10!

Overfull \hbox (32.60497pt too wide) in paragraph at lines 147--148
 [][] 
 []


Underfull \hbox (badness 10000) in paragraph at lines 147--148
  
 []

Missing character: There is no Â in font cmr10!
Missing character: There is no º in font cmr10!
Missing character: There is no µ in font cmr10!
Missing character: There is no Á in font cmr10!
Missing character: There is no ¥ in font cmr10!
Missing character: There is no î in font cmr10!
Missing character: There is no Á in font cmr10!
Missing character: There is no ë in font cmr10!
Missing character: There is no Ä in font cmr10!

Overfull \hbox (32.60497pt too wide) in paragraph at lines 153--154
 [][] 
 []


Underfull \hbox (badness 10000) in paragraph at lines 153--154
  
 []

Missing character: There is no Ë in font cmr10!
Missing character: There is no ≥ in font cmr10!
Missing character: There is no ¥ in font cmr10!
Missing character: There is no Ë in font cmr10!
Missing character: There is no © in font cmr10!
Missing character: There is no © in font cmr10!
Missing character: There is no Â in font cmr10!
Missing character: There is no © in font cmr10!
Missing character: There is no ∑ in font cmr10!

Overfull \hbox (32.60497pt too wide) in paragraph at lines 159--160
 [][] 
 []


Underfull \hbox (badness 10000) in paragraph at lines 159--160
  
 []

Missing character: There is no È in font cmr10!
Missing character: There is no Ñ in font cmr10!
Missing character: There is no ≠ in font cmr10!
Missing character: There is no Â in font cmr10!
Missing character: There is no Ö in font cmr10!
Missing character: There is no Ü in font cmr10!
Missing character: There is no Á in font cmr10!
Missing character: There is no ß in font cmr10!
Missing character: There is no Ä in font cmr10!

Overfull \hbox (32.60497pt too wide) in paragraph at lines 165--166
 [][] 
 []


Underfull \hbox (badness 10000) in paragraph at lines 165--166
  
 []

Missing character: There is no È in font cmr10!
Missing character: There is no õ in font cmr10!
Missing character: There is no Ö in font cmr10!
Missing character: There is no È in font cmr10!
Missing character: There is no õ in font cmr10!
Missing character: There is no Ø in font cmr10!

Overfull \hbox (32.60497pt too wide) in paragraph at lines 171--172
 [][] 
 []


Underfull \hbox (badness 10000) in paragraph at lines 171--172
  
 []

Missing character: There is no Ë in font cmr10!
Missing character: There is no ® in font cmr10!
Missing character: There is no ± in font cmr10!
Missing character: There is no Á in font cmr10!
Missing character: There is no Ç in font cmr10!
Missing character: There is no ∫ in font cmr10!
Missing character: There is no Ê in font cmr10!
Missing character: There is no ô in font cmr10!
Missing character: There is no ∫ in font cmr10!

Overfull \hbox (32.60497pt too wide) in paragraph at lines 177--178
 [][] 
 []


Underfull \hbox (badness 10000) in paragraph at lines 177--178
  
 []

Missing character: There is no Â in font cmr10!
Missing character: There is no ¥ in font cmr10!
Missing character: There is no á in font cmr10!
Missing character: There is no Ê in font cmr10!
Missing character: There is no ñ in font cmr10!
Missing character: There is no ∞ in font cmr10!

Overfull \hbox (32.60497pt too wide) in paragraph at lines 183--184
 [][] 
 []


Underfull \hbox (badness 10000) in paragraph at lines 183--184
  
 []


Overfull \hbox (32.60497pt too wide) in paragraph at lines 189--190
 [][] 
 []


Underfull \hbox (badness 10000) in paragraph at lines 189--190
  
 []


Overfull \hbox (32.60497pt too wide) in paragraph at lines 195--196
 [][] 
 []


Underfull \hbox (badness 10000) in paragraph at lines 195--196
  
 []

Missing character: There is no Â in font cmr10!
Missing character: There is no Ω in font cmr10!
Missing character: There is no ≠ in font cmr10!
Missing character: There is no Ê in font cmr10!
Missing character: There is no ≤ in font cmr10!
Missing character: There is no Å in font cmr10!
Missing character: There is no Â in font cmr10!
Missing character: There is no ¶ in font cmr10!
Missing character: There is no § in font cmr10!

Overfull \hbox (32.60497pt too wide) in paragraph at lines 201--202
 [][] 
 []


Underfull \hbox (badness 10000) in paragraph at lines 201--202
  
 []

Missing character: There is no Â in font cmr10!
Missing character: There is no ê in font cmr10!
Missing character: There is no ≥ in font cmr10!
Missing character: There is no Ë in font cmr10!
Missing character: There is no Ç in font cmr10!
Missing character: There is no ≤ in font cmr10!
Missing character: There is no Ë in font cmr10!
Missing character: There is no ± in font cmr10!
Missing character: There is no ™ in font cmr10!

Overfull \hbox (32.60497pt too wide) in paragraph at lines 207--208
 [][] 
 []


Underfull \hbox (badness 10000) in paragraph at lines 207--208
  
 []

Missing character: There is no È in font cmr10!
Missing character: There is no Ñ in font cmr10!
Missing character: There is no î in font cmr10!
Missing character: There is no Ê in font cmr10!
Missing character: There is no è in font cmr10!
Missing character: There is no ö in font cmr10!
Missing character: There is no Ê in font cmr10!
Missing character: There is no ≠ in font cmr10!
Missing character: There is no £ in font cmr10!

Overfull \hbox (32.60497pt too wide) in paragraph at lines 213--214
 [][] 
 []


Underfull \hbox (badness 10000) in paragraph at lines 213--214
  
 []

Missing character: There is no Ë in font cmr10!
Missing character: There is no î in font cmr10!
Missing character: There is no ° in font cmr10!
Missing character: There is no Á in font cmr10!
Missing character: There is no ë in font cmr10!
Missing character: There is no © in font cmr10!
Missing character: There is no Â in font cmr10!
Missing character: There is no ú in font cmr10!
Missing character: There is no ú in font cmr10!

Overfull \hbox (32.60497pt too wide) in paragraph at lines 219--220
 [][] 
 []


Underfull \hbox (badness 10000) in paragraph at lines 219--220
  
 []


Overfull \hbox (32.60497pt too wide) in paragraph at lines 225--226
 [][] 
 []


Underfull \hbox (badness 10000) in paragraph at lines 225--226
  
 []


Overfull \hbox (32.60497pt too wide) in paragraph at lines 231--232
 [][] 
 []


Underfull \hbox (badness 10000) in paragraph at lines 231--232
  
 []

Missing character: There is no Ê in font cmr10!
Missing character: There is no ù in font cmr10!
Missing character: There is no é in font cmr10!
Missing character: There is no Â in font cmr10!
Missing character: There is no Æ in font cmr10!
Missing character: There is no ó in font cmr10!
Missing character: There is no Á in font cmr10!
Missing character: There is no ø in font cmr10!
Missing character: There is no ∞ in font cmr10!

Overfull \hbox (32.60497pt too wide) in paragraph at lines 237--238
 [][] 
 []


Underfull \hbox (badness 10000) in paragraph at lines 237--238
  
 []

Missing character: There is no Á in font cmr10!
Missing character: There is no ∞ in font cmr10!
Missing character: There is no ° in font cmr10!
Missing character: There is no Â in font cmr10!
Missing character: There is no ¶ in font cmr10!
Missing character: There is no § in font cmr10!
Missing character: There is no Á in font cmr10!
Missing character: There is no é in font cmr10!
Missing character: There is no ≤ in font cmr10!

Overfull \hbox (32.60497pt too wide) in paragraph at lines 243--244
 [][] 
 []


Underfull \hbox (badness 10000) in paragraph at lines 243--244
  
 []

Missing character: There is no È in font cmr10!
Missing character: There is no ô in font cmr10!
Missing character: There is no ≥ in font cmr10!
Missing character: There is no Ë in font cmr10!
Missing character: There is no ì in font cmr10!
Missing character: There is no â in font cmr10!
Missing character: There is no Ë in font cmr10!
Missing character: There is no ì in font cmr10!
Missing character: There is no â in font cmr10!

Overfull \hbox (32.60497pt too wide) in paragraph at lines 249--250
 [][] 
 []


Underfull \hbox (badness 10000) in paragraph at lines 249--250
  
 []

Missing character: There is no Á in font cmr10!
Missing character: There is no ¥ in font cmr10!
Missing character: There is no Ä in font cmr10!
Missing character: There is no Â in font cmr10!
Missing character: There is no ¶ in font cmr10!
Missing character: There is no Ç in font cmr10!
Missing character: There is no Â in font cmr10!
Missing character: There is no ∫ in font cmr10!
Missing character: There is no ≠ in font cmr10!

Overfull \hbox (32.60497pt too wide) in paragraph at lines 255--256
 [][] 
 []


Underfull \hbox (badness 10000) in paragraph at lines 255--256
  
 []


Overfull \hbox (32.60497pt too wide) in paragraph at lines 261--262
 [][] 
 []


Underfull \hbox (badness 10000) in paragraph at lines 261--262
  
 []


Overfull \hbox (32.60497pt too wide) in paragraph at lines 267--268
 [][] 
 []


Underfull \hbox (badness 10000) in paragraph at lines 267--268
  
 []

Missing character: There is no Ë in font cmr10!
Missing character: There is no ¨ in font cmr10!
Missing character: There is no ù in font cmr10!
Missing character: There is no È in font cmr10!
Missing character: There is no á in font cmr10!
Missing character: There is no ë in font cmr10!
Missing character: There is no Ë in font cmr10!
Missing character: There is no ä in font cmr10!
Missing character: There is no Æ in font cmr10!

Overfull \hbox (32.60497pt too wide) in paragraph at lines 273--274
 [][] 
 []


Underfull \hbox (badness 10000) in paragraph at lines 273--274
  
 []

Missing character: There is no Ê in font cmr10!
Missing character: There is no û in font cmr10!
Missing character: There is no ó in font cmr10!
Missing character: There is no ‰ in font cmr10!
Missing character: There is no Ω in font cmr10!
Missing character: There is no ≥ in font cmr10!
Missing character: There is no Á in font cmr10!
Missing character: There is no ∑ in font cmr10!
Missing character: There is no Ø in font cmr10!

Overfull \hbox (32.60497pt too wide) in paragraph at lines 279--280
 [][] 
 []


Underfull \hbox (badness 10000) in paragraph at lines 279--280
  
 []

Missing character: There is no Ê in font cmr10!
Missing character: There is no • in font cmr10!
Missing character: There is no ä in font cmr10!
Missing character: There is no Â in font cmr10!
Missing character: There is no © in font cmr10!
Missing character: There is no ∑ in font cmr10!
Missing character: There is no ‰ in font cmr10!
Missing character: There is no º in font cmr10!
Missing character: There is no ä in font cmr10!

Overfull \hbox (32.60497pt too wide) in paragraph at lines 285--286
 [][] 
 []


Underfull \hbox (badness 10000) in paragraph at lines 285--286
  
 []

Missing character: There is no Ë in font cmr10!
Missing character: There is no ë in font cmr10!
Missing character: There is no â in font cmr10!
Missing character: There is no Â in font cmr10!
Missing character: There is no ì in font cmr10!
Missing character: There is no ≤ in font cmr10!
Missing character: There is no Á in font cmr10!
Missing character: There is no ë in font cmr10!
Missing character: There is no ã in font cmr10!

Overfull \hbox (32.60497pt too wide) in paragraph at lines 291--292
 [][] 
 []


Underfull \hbox (badness 10000) in paragraph at lines 291--292
  
 []


Overfull \hbox (32.60497pt too wide) in paragraph at lines 297--298
 [][] 
 []


Underfull \hbox (badness 10000) in paragraph at lines 297--298
  
 []


Overfull \hbox (32.60497pt too wide) in paragraph at lines 303--304
 [][] 
 []


Underfull \hbox (badness 10000) in paragraph at lines 303--304
  
 []

Missing character: There is no Â in font cmr10!
Missing character: There is no º in font cmr10!
Missing character: There is no µ in font cmr10!
Missing character: There is no Ê in font cmr10!
Missing character: There is no ¶ in font cmr10!
Missing character: There is no Æ in font cmr10!
Missing character: There is no Á in font cmr10!
Missing character: There is no æ in font cmr10!
Missing character: There is no é in font cmr10!

Overfull \hbox (32.60497pt too wide) in paragraph at lines 309--310
 [][] 
 []


Underfull \hbox (badness 10000) in paragraph at lines 309--310
  
 []

Missing character: There is no È in font cmr10!
Missing character: There is no ª in font cmr10!
Missing character: There is no É in font cmr10!
Missing character: There is no Â in font cmr10!
Missing character: There is no á in font cmr10!
Missing character: There is no ± in font cmr10!
Missing character: There is no Á in font cmr10!
Missing character: There is no ê in font cmr10!
Missing character: There is no ™ in font cmr10!

Overfull \hbox (32.60497pt too wide) in paragraph at lines 315--316
 [][] 
 []


Underfull \hbox (badness 10000) in paragraph at lines 315--316
  
 []

Missing character: There is no È in font cmr10!
Missing character: There is no ° in font cmr10!
Missing character: There is no è in font cmr10!
Missing character: There is no ‰ in font cmr10!
Missing character: There is no ∫ in font cmr10!
Missing character: There is no é in font cmr10!
Missing character: There is no Â in font cmr10!
Missing character: There is no © in font cmr10!
Missing character: There is no ∑ in font cmr10!

Overfull \hbox (32.60497pt too wide) in paragraph at lines 321--322
 [][] 
 []


Underfull \hbox (badness 10000) in paragraph at lines 321--322
  
 []

Missing character: There is no Â in font cmr10!
Missing character: There is no ê in font cmr10!
Missing character: There is no ≥ in font cmr10!
Missing character: There is no Ë in font cmr10!
Missing character: There is no ä in font cmr10!
Missing character: There is no ∑ in font cmr10!
Missing character: There is no È in font cmr10!
Missing character: There is no å in font cmr10!
Missing character: There is no ö in font cmr10!

Overfull \hbox (32.60497pt too wide) in paragraph at lines 327--328
 [][] 
 []


Underfull \hbox (badness 10000) in paragraph at lines 327--328
  
 []


Overfull \hbox (32.60497pt too wide) in paragraph at lines 333--334
 [][] 
 []


Underfull \hbox (badness 10000) in paragraph at lines 333--334
  
 []


Overfull \hbox (32.60497pt too wide) in paragraph at lines 339--340
 [][] 
 []


Underfull \hbox (badness 10000) in paragraph at lines 339--340
  
 []

Missing character: There is no Â in font cmr10!
Missing character: There is no º in font cmr10!
Missing character: There is no µ in font cmr10!
Missing character: There is no Â in font cmr10!
Missing character: There is no ´ in font cmr10!
Missing character: There is no ö in font cmr10!
Missing character: There is no Â in font cmr10!
Missing character: There is no Æ in font cmr10!
Missing character: There is no π in font cmr10!

Overfull \hbox (32.60497pt too wide) in paragraph at lines 345--346
 [][] 
 []


Underfull \hbox (badness 10000) in paragraph at lines 345--346
  
 []

Missing character: There is no È in font cmr10!
Missing character: There is no ª in font cmr10!
Missing character: There is no É in font cmr10!
Missing character: There is no ‰ in font cmr10!
Missing character: There is no ∫ in font cmr10!
Missing character: There is no é in font cmr10!
Missing character: There is no Á in font cmr10!
Missing character: There is no ë in font cmr10!
Missing character: There is no Ñ in font cmr10!

Overfull \hbox (32.60497pt too wide) in paragraph at lines 351--352
 [][] 
 []


Underfull \hbox (badness 10000) in paragraph at lines 351--352
  
 []

Missing character: There is no È in font cmr10!
Missing character: There is no Ç in font cmr10!
Missing character: There is no ± in font cmr10!
Missing character: There is no Ê in font cmr10!
Missing character: There is no ô in font cmr10!
Missing character: There is no ü in font cmr10!
Missing character: There is no Ê in font cmr10!
Missing character: There is no ° in font cmr10!
Missing character: There is no ì in font cmr10!

Overfull \hbox (32.60497pt too wide) in paragraph at lines 357--358
 [][] 
 []


Underfull \hbox (badness 10000) in paragraph at lines 357--358
  
 []

Missing character: There is no È in font cmr10!
Missing character: There is no ª in font cmr10!
Missing character: There is no É in font cmr10!
Missing character: There is no Ë in font cmr10!
Missing character: There is no ä in font cmr10!
Missing character: There is no ≥ in font cmr10!
Missing character: There is no Á in font cmr10!
Missing character: There is no Ö in font cmr10!
Missing character: There is no ú in font cmr10!

Overfull \hbox (32.60497pt too wide) in paragraph at lines 363--364
 [][] 
 []


Underfull \hbox (badness 10000) in paragraph at lines 363--364
  
 []


Overfull \hbox (32.60497pt too wide) in paragraph at lines 369--370
 [][] 
 []


Underfull \hbox (badness 10000) in paragraph at lines 369--370
  
 []


Overfull \hbox (32.60497pt too wide) in paragraph at lines 375--376
 [][] 
 []


Underfull \hbox (badness 10000) in paragraph at lines 375--376
  
 []

Missing character: There is no Ê in font cmr10!
Missing character: There is no ú in font cmr10!
Missing character: There is no ± in font cmr10!
Missing character: There is no Á in font cmr10!
Missing character: There is no ¥ in font cmr10!
Missing character: There is no ´ in font cmr10!
Missing character: There is no Â in font cmr10!
Missing character: There is no ¶ in font cmr10!
Missing character: There is no § in font cmr10!

Overfull \hbox (32.60497pt too wide) in paragraph at lines 381--382
 [][] 
 []


Underfull \hbox (badness 10000) in paragraph at lines 381--382
  
 []

Missing character: There is no Ê in font cmr10!
Missing character: There is no û in font cmr10!
Missing character: There is no ó in font cmr10!
Missing character: There is no Â in font cmr10!
Missing character: There is no ü in font cmr10!
Missing character: There is no π in font cmr10!
Missing character: There is no Ê in font cmr10!
Missing character: There is no ≠ in font cmr10!
Missing character: There is no ¶ in font cmr10!

Overfull \hbox (32.60497pt too wide) in paragraph at lines 387--388
 [][] 
 []


Underfull \hbox (badness 10000) in paragraph at lines 387--388
  
 []

Missing character: There is no Ë in font cmr10!
Missing character: There is no é in font cmr10!
Missing character: There is no ä in font cmr10!
Missing character: There is no Á in font cmr10!
Missing character: There is no ´ in font cmr10!
Missing character: There is no £ in font cmr10!
Missing character: There is no Â in font cmr10!
Missing character: There is no º in font cmr10!
Missing character: There is no ò in font cmr10!

Overfull \hbox (32.60497pt too wide) in paragraph at lines 393--394
 [][] 
 []


Underfull \hbox (badness 10000) in paragraph at lines 393--394
  
 []

Missing character: There is no È in font cmr10!
Missing character: There is no ç in font cmr10!
Missing character: There is no æ in font cmr10!
Missing character: There is no Â in font cmr10!
Missing character: There is no ≠ in font cmr10!
Missing character: There is no ü in font cmr10!
Missing character: There is no Ë in font cmr10!
Missing character: There is no ª in font cmr10!
Missing character: There is no í in font cmr10!

Overfull \hbox (32.60497pt too wide) in paragraph at lines 399--400
 [][] 
 []


Underfull \hbox (badness 10000) in paragraph at lines 399--400
  
 []


Overfull \hbox (32.60497pt too wide) in paragraph at lines 405--406
 [][] 
 []


Underfull \hbox (badness 10000) in paragraph at lines 405--406
  
 []


Overfull \hbox (16.60031pt too wide) in paragraph at lines 413--414
 [][]  
 []

[1

] (./teamseat.aux) ) 
Here is how much of TeX's memory you used:
 347 strings out of 256217
 4078 string characters out of 1917095
 80025 words of memory out of 1500000
 3703 multiletter control sequences out of 10000+200000
 4853 words of font info for 18 fonts, out of 1200000 for 2000
 645 hyphenation exceptions out of 8191
 23i,4n,25p,164b,278s stack positions out of 5000i,500n,6000p,200000b,15000s

Output written on teamseat.dvi (1 page, 9396 bytes).
